Death xx
M4A1 xx
SoldierCollision  xx
Weapons/MP412Rex/MP412REX xx
Weapons/G36C/G36C xx
F2000 xx
M1911 xx
AS Val xx
Weapons/SCAR-H/SCAR-H
M1014 xx
AKS-74u xx
RPK-74M xx
Suicide  xx
SV98 xx
Mk11 xx
M16A4 xx
RoadKill xx
SMAW xx
M9 xx
M67 xx
RPG-7 xx
AEK-971 xx
SKS xx 
Weapons/A91/A91 xx
Melee xx
AN-94 Abakan xx
DamageArea xx
Weapons/KH2002/KH2002 xx
Model98B xx
Weapons/M416/M416 xx
Glock18 xx
SVD xx
M249 xx
Weapons/AK74M/AK74 xx
M240 xx
USAS-12 xx
M39 xx
Weapons/MagpulPDR/MagpulPDR xx
Type88 xx 
Weapons/MP443/MP443 xx
Weapons/P90/P90 xx
M40A5 xx
MP7 xx
Weapons/UMP45/UMP45
M27IAR xx
PP-2000 xx
Taurus .44 xx
Pecheneg xx
M320 xx
870MCS xx
Siaga20k xx
M60 xx
Weapons/Knife/Knife xx
DAO-12 xx
M15 AT Mine xx
SG 553 LB xx
Weapons/Gadgets/C4/C4 xx
M93R xx
Repair Tool xx
Weapons/Gadgets/Claymore/Claymore xx
AN-94 Abakan xx
M26Mass
Weapons/G3A3/G3A3
