INFO:root:Connecting to port: 85.14.232.80:47200...
INFO:root:Logging in - 1: retrieving salt...
INFO:root:[0L, 1073741824, 0, ['OK', 'EDDD3809E194633F7AD905348F9B4762']]
INFO:root:Received salt: EDDD3809E194633F7AD905348F9B4762
INFO:root:Computed password hash: 00A40E8DEBAE352A43BC6116D9D83CF8
INFO:root:Logging in - 2: sending hash...
INFO:root:[0L, 1073741824, 1, ['OK']]
INFO:root:done setting up battlequery
INFO:root:Connecting to port: 85.14.232.80:47200...
INFO:root:Logging in - 1: retrieving salt...
INFO:root:[0L, 1073741824, 2, ['OK', '47AAB019FAABED10A4EFF52D860303A4']]
INFO:root:Received salt: 47AAB019FAABED10A4EFF52D860303A4
INFO:root:Computed password hash: FC506912E8F10636B8D8DE086D263CDF
INFO:root:Logging in - 2: sending hash...
INFO:root:[0L, 1073741824, 3, ['OK']]
DEBUG:root:Attempting to load module killstreakannouncer
DEBUG:root:Attempting to load module votekickban
DEBUG:root:Attempting to load module mapsettings
DEBUG:root:Attempting to load module minmaxrank
INFO:root:Trying to import additional required module punisher :
INFO:root:Successfully imported module punisher!
INFO:root:Trying to import additional required module loadlock :
INFO:root:Successfully imported module loadlock!
INFO:root:Trying to import additional required module playerlist :
INFO:root:Successfully imported module playerlist!
INFO:root:Trying to import additional required module playerlist :
INFO:root:Successfully imported module playerlist!
INFO:root:Trying to initalize mod punisher
INFO:root:Loaded Punishment Module ( punisher ) by codesuela
INFO:root:Trying to initalize mod votekickban
INFO:root:Loaded Votekickban Module ( votekickban ) by codesuela
INFO:root:Trying to initalize mod loadlock
INFO:root:Loaded Map Loading Module ( loadlock ) by codesuela
INFO:root:Trying to initalize mod minmaxrank
INFO:root:Loaded Min or max rank enforcer ( minmaxrank ) by codesuela
INFO:root:Trying to initalize mod killstreakannouncer
INFO:root:Loaded Killstreak Announcer ( killstreakannouncer ) by codesuela
INFO:root:Trying to initalize mod playerlist
INFO:root:Loaded Playerlist Module ( playerlist ) by codesuela
INFO:root:Trying to initalize mod base
INFO:root:Loaded base ( base ) by codesuela
INFO:root:Trying to initalize mod mapsettings
INFO:root:Loaded Map Settings ( mapsettings ) by codesuela
DEBUG:root:Sending command:['admin.listPlayers', 'all']
DEBUG:root:Printing Packet :
DEBUG:root:[0L, 1073741824, 4, ['OK', '7', 'name', 'guid', 'teamId', 'squadId', 'kills', 'deaths', 'score', '0']]
DEBUG:root:Sending command:['mapList.list']
DEBUG:root:Printing Packet :
DEBUG:root:[0L, 1073741824, 5, ['OK', '6', '3', 'XP1_002', 'ConquestSmall0', '1', 'XP1_004', 'ConquestSmall0', '1', 'MP_Subway', 'ConquestSmall0', '2', 'XP1_003', 'ConquestSmall0', '1', 'XP1_001', 'ConquestSmall0', '1', 'MP_Subway', 'ConquestSmall0', '2']]
WARNING:root:invalid startup setting:
WARNING:root:['']
DEBUG:root:Sending command:['mapList.getMapIndices']
DEBUG:root:Printing Packet :
DEBUG:root:[0L, 1073741824, 6, ['OK', '2', '3']]
INFO:root:Enabling events...
DEBUG:root:[0L, 1073741824, 7, ['OK']]
INFO:root:Now waiting for events.
DEBUG:root:['punkBuster.onMessage', 'PunkBuster Server: Player List: [Slot #] [GUID] [Address] [Status] [Power] [Auth Rate] [Recent SS] [O/S] [Name]\n']
DEBUG:root:punkBusterOnMessage
DEBUG:root:['player.onJoin', 'JosefAckermann', 'EA_9CED4B3FF36BD61D0CBE74662DFC3A52']
DEBUG:root:playerOnJoin
DEBUG:root:Sending command:['admin.listPlayers', 'all']
DEBUG:root:Printing Packet :
DEBUG:root:[0L, 1073741824, 8, ['OK', '7', 'name', 'guid', 'teamId', 'squadId', 'kills', 'deaths', 'score', '0']]
DEBUG:root:['player.onAuthenticated', 'JosefAckermann']
DEBUG:root:playerOnAuthenticated
DEBUG:root:['punkBuster.onMessage', 'PunkBuster Server: New Connection (slot #1) 91.66.173.30:3659 [?] "JosefAckermann" (seq 5572063)\n']
DEBUG:root:punkBusterOnMessage
DEBUG:root:['player.onTeamChange', 'JosefAckermann', '1', '0']
DEBUG:root:playerOnTeamChange
DEBUG:root:Sending command:['admin.listPlayers', 'all']
DEBUG:root:Printing Packet :
DEBUG:root:[0L, 1073741824, 9, ['OK', '7', 'name', 'guid', 'teamId', 'squadId', 'kills', 'deaths', 'score', '1', 'JosefAckermann', 'EA_9CED4B3FF36BD61D0CBE74662DFC3A52', '1', '0', '0', '0', '0']]
DEBUG:root:['player.onSpawn', 'JosefAckermann', '1']
DEBUG:root:playerOnSpawn
DEBUG:root:['player.onChat', 'JosefAckermann', '/sm']
DEBUG:root:playerOnChat
DEBUG:root:Sending command:['admin.killPlayer', 'JosefAckermann']
DEBUG:root:Printing Packet :
DEBUG:root:[0L, 1073741824, 10, ['OK']]
DEBUG:root:Sending command:['admin.say', '"Player JosefAckermann was punished by death"', 'all']
DEBUG:root:Printing Packet :
DEBUG:root:[0L, 1073741824, 11, ['OK']]
DEBUG:root:['player.onKill', '', 'JosefAckermann', 'Death', 'false']
DEBUG:root:playerOnKill
DEBUG:root:['player.onChat', 'Server', '"Player JosefAckermann was punished by death"']
DEBUG:root:playerOnChat
