INFO:root:Connecting to port: 85.14.232.80:47200...
INFO:root:Logging in - 1: retrieving salt...
INFO:root:[0L, 1073741824, 0, ['OK', '72E0495F9CA001D2E71DD9716AE4FE9A']]
INFO:root:Received salt: 72E0495F9CA001D2E71DD9716AE4FE9A
INFO:root:Computed password hash: 800A5278828CF6D2BC34A1C0C2A237AF
INFO:root:Logging in - 2: sending hash...
INFO:root:[0L, 1073741824, 1, ['OK']]
INFO:root:done setting up battlequery
INFO:root:Connecting to port: 85.14.232.80:47200...
INFO:root:Logging in - 1: retrieving salt...
INFO:root:[0L, 1073741824, 2, ['OK', '7AD905348F9B476273DF2C426ED45CAC']]
INFO:root:Received salt: 7AD905348F9B476273DF2C426ED45CAC
INFO:root:Computed password hash: 5431C9A11F8F8D671D2E79A30502F06C
INFO:root:Logging in - 2: sending hash...
INFO:root:[0L, 1073741824, 3, ['OK']]
DEBUG:root:Attempting to load module killstreakannouncer
DEBUG:root:Attempting to load module votekickban
DEBUG:root:Attempting to load module mapsettings
DEBUG:root:Attempting to load module minmaxrank
INFO:root:Trying to import additional required module punisher :
INFO:root:Successfully imported module punisher!
INFO:root:Trying to import additional required module loadlock :
INFO:root:Successfully imported module loadlock!
INFO:root:Trying to import additional required module playerlist :
INFO:root:Successfully imported module playerlist!
INFO:root:Trying to import additional required module playerlist :
INFO:root:Successfully imported module playerlist!
INFO:root:Trying to initalize mod punisher
INFO:root:Loaded Punishment Module ( punisher ) by codesuela
INFO:root:Trying to initalize mod votekickban
INFO:root:Loaded Votekickban Module ( votekickban ) by codesuela
INFO:root:Trying to initalize mod loadlock
INFO:root:Loaded Map Loading Module ( loadlock ) by codesuela
INFO:root:Trying to initalize mod minmaxrank
INFO:root:Loaded Min or max rank enforcer ( minmaxrank ) by codesuela
INFO:root:Trying to initalize mod killstreakannouncer
INFO:root:Loaded Killstreak Announcer ( killstreakannouncer ) by codesuela
INFO:root:Trying to initalize mod playerlist
INFO:root:Loaded Playerlist Module ( playerlist ) by codesuela
INFO:root:Trying to initalize mod base
INFO:root:Loaded base ( base ) by codesuela
INFO:root:Trying to initalize mod mapsettings
INFO:root:Loaded Map Settings ( mapsettings ) by codesuela
DEBUG:root:Sending command:['admin.listPlayers', 'all']
DEBUG:root:Printing Packet :
DEBUG:root:[0L, 1073741824, 4, ['OK', '7', 'name', 'guid', 'teamId', 'squadId', 'kills', 'deaths', 'score', '1', 'JosefAckermann', 'EA_9CED4B3FF36BD61D0CBE74662DFC3A52', '1', '0', '0', '0', '0']]
DEBUG:root:Sending command:['mapList.list']
DEBUG:root:Printing Packet :
DEBUG:root:[0L, 1073741824, 5, ['OK', '6', '3', 'XP1_002', 'ConquestSmall0', '1', 'XP1_004', 'ConquestSmall0', '1', 'MP_Subway', 'ConquestSmall0', '2', 'XP1_003', 'ConquestSmall0', '1', 'XP1_001', 'ConquestSmall0', '1', 'MP_Subway', 'ConquestSmall0', '2']]
WARNING:root:invalid startup setting:
WARNING:root:['']
DEBUG:root:Sending command:['mapList.getMapIndices']
DEBUG:root:Printing Packet :
DEBUG:root:[0L, 1073741824, 6, ['OK', '2', '3']]
INFO:root:Enabling events...
DEBUG:root:[0L, 1073741824, 7, ['OK']]
INFO:root:Now waiting for events.
DEBUG:root:['punkBuster.onMessage', 'PunkBuster Server: Player List: [Slot #] [GUID] [Address] [Status] [Power] [Auth Rate] [Recent SS] [O/S] [Name]\n']
DEBUG:root:punkBusterOnMessage
DEBUG:root:['player.onSpawn', 'JosefAckermann', '1']
DEBUG:root:playerOnSpawn
DEBUG:root:['player.onChat', 'JosefAckermann', '/sm']
DEBUG:root:playerOnChat
DEBUG:root:Sending command:['admin.killPlayer', 'JosefAckermann']
DEBUG:root:Printing Packet :
DEBUG:root:[0L, 1073741824, 8, ['OK']]
DEBUG:root:Sending command:['admin.say', '"Player JosefAckermann was punished by death"', 'all']
DEBUG:root:Printing Packet :
DEBUG:root:[0L, 1073741824, 9, ['OK']]
DEBUG:root:['player.onKill', '', 'JosefAckermann', 'Death', 'false']
DEBUG:root:playerOnKill
DEBUG:root:['player.onChat', 'Server', '"Player JosefAckermann was punished by death"']
DEBUG:root:playerOnChat
